2021-06-16 21:18:50.791 INFO  com.andrew.wiki.WikiApplication                   :55   [32m                  [0;39m Starting WikiApplication using Java 12.0.2 on Garlics-MBP with PID 26766 (/Users/fengliu/Downloads/wiki/target/classes started by fengliu in /Users/fengliu/Downloads/wiki)
2021-06-16 21:18:50.792 INFO  com.andrew.wiki.WikiApplication                   :659  [32m                  [0;39m No active profile set, falling back to default profiles: default
2021-06-16 21:18:50.956 INFO  o.s.d.r.config.RepositoryConfigurationDelegate    :262  [32m                  [0;39m Multiple Spring Data modules found, entering strict repository configuration mode!
2021-06-16 21:18:50.957 INFO  o.s.d.r.config.RepositoryConfigurationDelegate    :132  [32m                  [0;39m Bootstrapping Spring Data Redis repositories in DEFAULT mode.
2021-06-16 21:18:50.965 INFO  o.s.d.r.config.RepositoryConfigurationDelegate    :201  [32m                  [0;39m Finished Spring Data repository scanning in 6 ms. Found 0 Redis repository interfaces.
2021-06-16 21:18:51.078 INFO  o.s.boot.web.embedded.tomcat.TomcatWebServer      :108  [32m                  [0;39m Tomcat initialized with port(s): 8080 (http)
2021-06-16 21:18:51.079 INFO  org.apache.catalina.core.StandardService          :173  [32m                  [0;39m Starting service [Tomcat]
2021-06-16 21:18:51.080 INFO  org.apache.catalina.core.StandardEngine           :173  [32m                  [0;39m Starting Servlet engine: [Apache Tomcat/9.0.46]
2021-06-16 21:18:51.089 INFO  o.a.c.core.ContainerBase.[Tomcat].[localhost].[/] :173  [32m                  [0;39m Initializing Spring embedded WebApplicationContext
2021-06-16 21:18:51.089 INFO  o.s.b.w.s.c.ServletWebServerApplicationContext    :290  [32m                  [0;39m Root WebApplicationContext: initialization completed in 295 ms
2021-06-16 21:18:51.546 INFO  com.zaxxer.hikari.HikariDataSource                :110  [32m                  [0;39m HikariPool-2 - Starting...
2021-06-16 21:18:51.559 INFO  com.zaxxer.hikari.HikariDataSource                :123  [32m                  [0;39m HikariPool-2 - Start completed.
2021-06-16 21:18:51.621 INFO  o.s.b.d.autoconfigure.OptionalLiveReloadServer    :58   [32m                  [0;39m LiveReload server is running on port 35729
2021-06-16 21:18:51.632 INFO  o.s.boot.web.embedded.tomcat.TomcatWebServer      :220  [32m                  [0;39m Tomcat started on port(s): 8080 (http) with context path ''
2021-06-16 21:18:51.637 INFO  com.andrew.wiki.WikiApplication                   :61   [32m                  [0;39m Started WikiApplication in 0.928 seconds (JVM running for 60.746)
2021-06-16 21:18:51.638 INFO  o.s.b.d.a.ConditionEvaluationDeltaLoggingListener :63   [32m                  [0;39m Condition evaluation unchanged
2021-06-16 21:18:51.639 INFO  com.andrew.wiki.WikiApplication                   :21   [32m                  [0;39m Run Application Successfully
2021-06-16 21:18:51.639 INFO  com.andrew.wiki.WikiApplication                   :22   [32m                  [0;39m url: 	 http://localhost:8080
2021-06-16 21:19:00.128 INFO  com.zaxxer.hikari.HikariDataSource                :350  [32m                  [0;39m HikariPool-2 - Shutdown initiated...
2021-06-16 21:19:00.140 INFO  com.zaxxer.hikari.HikariDataSource                :352  [32m                  [0;39m HikariPool-2 - Shutdown completed.
