2021-06-16 21:19:00.210 INFO  com.andrew.wiki.WikiApplication                   :55   [32m                  [0;39m Starting WikiApplication using Java 12.0.2 on Garlics-MBP with PID 26766 (/Users/fengliu/Downloads/wiki/target/classes started by fengliu in /Users/fengliu/Downloads/wiki)
2021-06-16 21:19:00.210 INFO  com.andrew.wiki.WikiApplication                   :659  [32m                  [0;39m No active profile set, falling back to default profiles: default
2021-06-16 21:19:00.350 INFO  o.s.d.r.config.RepositoryConfigurationDelegate    :262  [32m                  [0;39m Multiple Spring Data modules found, entering strict repository configuration mode!
2021-06-16 21:19:00.350 INFO  o.s.d.r.config.RepositoryConfigurationDelegate    :132  [32m                  [0;39m Bootstrapping Spring Data Redis repositories in DEFAULT mode.
2021-06-16 21:19:00.356 INFO  o.s.d.r.config.RepositoryConfigurationDelegate    :201  [32m                  [0;39m Finished Spring Data repository scanning in 6 ms. Found 0 Redis repository interfaces.
2021-06-16 21:19:00.462 INFO  o.s.boot.web.embedded.tomcat.TomcatWebServer      :108  [32m                  [0;39m Tomcat initialized with port(s): 8080 (http)
2021-06-16 21:19:00.462 INFO  org.apache.catalina.core.StandardService          :173  [32m                  [0;39m Starting service [Tomcat]
2021-06-16 21:19:00.463 INFO  org.apache.catalina.core.StandardEngine           :173  [32m                  [0;39m Starting Servlet engine: [Apache Tomcat/9.0.46]
2021-06-16 21:19:00.472 INFO  o.a.c.core.ContainerBase.[Tomcat].[localhost].[/] :173  [32m                  [0;39m Initializing Spring embedded WebApplicationContext
2021-06-16 21:19:00.472 INFO  o.s.b.w.s.c.ServletWebServerApplicationContext    :290  [32m                  [0;39m Root WebApplicationContext: initialization completed in 259 ms
2021-06-16 21:19:00.880 INFO  com.zaxxer.hikari.HikariDataSource                :110  [32m                  [0;39m HikariPool-3 - Starting...
2021-06-16 21:19:00.891 INFO  com.zaxxer.hikari.HikariDataSource                :123  [32m                  [0;39m HikariPool-3 - Start completed.
2021-06-16 21:19:00.955 INFO  o.s.b.d.autoconfigure.OptionalLiveReloadServer    :58   [32m                  [0;39m LiveReload server is running on port 35729
2021-06-16 21:19:00.965 INFO  o.s.boot.web.embedded.tomcat.TomcatWebServer      :220  [32m                  [0;39m Tomcat started on port(s): 8080 (http) with context path ''
2021-06-16 21:19:00.969 INFO  com.andrew.wiki.WikiApplication                   :61   [32m                  [0;39m Started WikiApplication in 0.787 seconds (JVM running for 70.078)
2021-06-16 21:19:00.970 INFO  o.s.b.d.a.ConditionEvaluationDeltaLoggingListener :63   [32m                  [0;39m Condition evaluation unchanged
2021-06-16 21:19:00.970 INFO  com.andrew.wiki.WikiApplication                   :21   [32m                  [0;39m Run Application Successfully
2021-06-16 21:19:00.970 INFO  com.andrew.wiki.WikiApplication                   :22   [32m                  [0;39m url: 	 http://localhost:8080
2021-06-16 21:19:05.001 INFO  com.andrew.wiki.job.DocJob                        :31   [32m                  [0;39m update t_Ebook data start
2021-06-16 21:19:05.004 DEBUG c.andrew.wiki.mapper.DocCustMapper.updateEbookInfo:137  [32m                  [0;39m ==>  Preparing: update t_ebook t1, (select ebook_id, count(1) doc_count, sum(view_count) view_count, sum(vote_count) vote_count from t_doc group by ebook_id) t2 set t1.doc_count = t2.doc_count, t1.view_count = t2.view_count, t1.vote_count = t2.vote_count where t1.id = t2.ebook_id;
2021-06-16 21:19:05.005 DEBUG c.andrew.wiki.mapper.DocCustMapper.updateEbookInfo:137  [32m                  [0;39m ==> Parameters: 
2021-06-16 21:19:05.007 DEBUG c.andrew.wiki.mapper.DocCustMapper.updateEbookInfo:137  [32m                  [0;39m <==    Updates: 1
2021-06-16 21:19:05.007 INFO  com.andrew.wiki.job.DocJob                        :34   [32m                  [0;39m update t_Ebook dataï¼Œtime consumingï¼š4ms
2021-06-16 21:19:11.485 INFO  com.zaxxer.hikari.HikariDataSource                :350  [32m                  [0;39m HikariPool-3 - Shutdown initiated...
2021-06-16 21:19:11.488 INFO  com.zaxxer.hikari.HikariDataSource                :352  [32m                  [0;39m HikariPool-3 - Shutdown completed.
2021-06-16 21:19:11.564 INFO  com.andrew.wiki.WikiApplication                   :55   [32m                  [0;39m Starting WikiApplication using Java 12.0.2 on Garlics-MBP with PID 26766 (/Users/fengliu/Downloads/wiki/target/classes started by fengliu in /Users/fengliu/Downloads/wiki)
2021-06-16 21:19:11.564 INFO  com.andrew.wiki.WikiApplication                   :659  [32m                  [0;39m No active profile set, falling back to default profiles: default
2021-06-16 21:19:11.686 INFO  o.s.d.r.config.RepositoryConfigurationDelegate    :262  [32m                  [0;39m Multiple Spring Data modules found, entering strict repository configuration mode!
2021-06-16 21:19:11.686 INFO  o.s.d.r.config.RepositoryConfigurationDelegate    :132  [32m                  [0;39m Bootstrapping Spring Data Redis repositories in DEFAULT mode.
2021-06-16 21:19:11.692 INFO  o.s.d.r.config.RepositoryConfigurationDelegate    :201  [32m                  [0;39m Finished Spring Data repository scanning in 5 ms. Found 0 Redis repository interfaces.
2021-06-16 21:19:11.806 INFO  o.s.boot.web.embedded.tomcat.TomcatWebServer      :108  [32m                  [0;39m Tomcat initialized with port(s): 8080 (http)
2021-06-16 21:19:11.807 INFO  org.apache.catalina.core.StandardService          :173  [32m                  [0;39m Starting service [Tomcat]
2021-06-16 21:19:11.807 INFO  org.apache.catalina.core.StandardEngine           :173  [32m                  [0;39m Starting Servlet engine: [Apache Tomcat/9.0.46]
2021-06-16 21:19:11.816 INFO  o.a.c.core.ContainerBase.[Tomcat].[localhost].[/] :173  [32m                  [0;39m Initializing Spring embedded WebApplicationContext
2021-06-16 21:19:11.816 INFO  o.s.b.w.s.c.ServletWebServerApplicationContext    :290  [32m                  [0;39m Root WebApplicationContext: initialization completed in 250 ms
2021-06-16 21:19:12.250 INFO  com.zaxxer.hikari.HikariDataSource                :110  [32m                  [0;39m HikariPool-4 - Starting...
2021-06-16 21:19:12.261 INFO  com.zaxxer.hikari.HikariDataSource                :123  [32m                  [0;39m HikariPool-4 - Start completed.
2021-06-16 21:19:12.313 INFO  o.s.b.d.autoconfigure.OptionalLiveReloadServer    :58   [32m                  [0;39m LiveReload server is running on port 35729
2021-06-16 21:19:12.322 INFO  o.s.boot.web.embedded.tomcat.TomcatWebServer      :220  [32m                  [0;39m Tomcat started on port(s): 8080 (http) with context path ''
2021-06-16 21:19:12.326 INFO  com.andrew.wiki.WikiApplication                   :61   [32m                  [0;39m Started WikiApplication in 0.793 seconds (JVM running for 81.435)
2021-06-16 21:19:12.327 INFO  o.s.b.d.a.ConditionEvaluationDeltaLoggingListener :63   [32m                  [0;39m Condition evaluation unchanged
2021-06-16 21:19:12.327 INFO  com.andrew.wiki.WikiApplication                   :21   [32m                  [0;39m Run Application Successfully
2021-06-16 21:19:12.327 INFO  com.andrew.wiki.WikiApplication                   :22   [32m                  [0;39m url: 	 http://localhost:8080
2021-06-16 21:19:29.328 INFO  o.a.c.core.ContainerBase.[Tomcat].[localhost].[/] :173  [32m                  [0;39m Initializing Spring DispatcherServlet 'dispatcherServlet'
2021-06-16 21:19:29.329 INFO  org.springframework.web.servlet.DispatcherServlet :525  [32m                  [0;39m Initializing Servlet 'dispatcherServlet'
2021-06-16 21:19:29.330 INFO  org.springframework.web.servlet.DispatcherServlet :547  [32m                  [0;39m Completed initialization in 1 ms
2021-06-16 21:19:29.357 INFO  com.andrew.wiki.aspect.LogAspect                  :53   [32m60538777680089088 [0;39m ------------- å¼€å§‹ -------------
2021-06-16 21:19:29.357 INFO  com.andrew.wiki.aspect.LogAspect                  :54   [32m60538777680089088 [0;39m è¯·æ±‚åœ°å€: http://192.168.1.191:8080/category GET
2021-06-16 21:19:29.358 INFO  com.andrew.wiki.aspect.LogAspect                  :55   [32m60538777680089088 [0;39m ç±»åæ–¹æ³•: com.andrew.wiki.controller.CategoryController.getAll
2021-06-16 21:19:29.358 INFO  com.andrew.wiki.aspect.LogAspect                  :56   [32m60538777680089088 [0;39m è¿œç¨‹åœ°å€: 192.168.1.191
2021-06-16 21:19:29.391 INFO  com.andrew.wiki.aspect.LogAspect                  :77   [32m60538777680089088 [0;39m è¯·æ±‚å‚æ•°: []
2021-06-16 21:19:29.410 DEBUG c.a.wiki.mapper.CategoryMapper.selectByExample    :137  [32m60538777680089088 [0;39m ==>  Preparing: select id, parent, `name`, sort from t_category order by sort asc
2021-06-16 21:19:29.410 DEBUG c.a.wiki.mapper.CategoryMapper.selectByExample    :137  [32m60538777680089088 [0;39m ==> Parameters: 
2021-06-16 21:19:29.425 TRACE c.a.wiki.mapper.CategoryMapper.selectByExample    :143  [32m60538777680089088 [0;39m <==    Columns: id, parent, name, sort
2021-06-16 21:19:29.426 TRACE c.a.wiki.mapper.CategoryMapper.selectByExample    :143  [32m60538777680089088 [0;39m <==        Row: 100, 0, å‰ç«¯å¼€å‘, 100
2021-06-16 21:19:29.427 TRACE c.a.wiki.mapper.CategoryMapper.selectByExample    :143  [32m60538777680089088 [0;39m <==        Row: 101, 100, Vue, 101
2021-06-16 21:19:29.427 TRACE c.a.wiki.mapper.CategoryMapper.selectByExample    :143  [32m60538777680089088 [0;39m <==        Row: 102, 100, HTML & CSS, 102
2021-06-16 21:19:29.428 TRACE c.a.wiki.mapper.CategoryMapper.selectByExample    :143  [32m60538777680089088 [0;39m <==        Row: 200, 0, Java, 200
2021-06-16 21:19:29.428 TRACE c.a.wiki.mapper.CategoryMapper.selectByExample    :143  [32m60538777680089088 [0;39m <==        Row: 201, 200, åŸºç¡€åº”ç”¨, 201
2021-06-16 21:19:29.428 TRACE c.a.wiki.mapper.CategoryMapper.selectByExample    :143  [32m60538777680089088 [0;39m <==        Row: 202, 200, æ¡†æž¶åº”ç”¨, 202
2021-06-16 21:19:29.429 TRACE c.a.wiki.mapper.CategoryMapper.selectByExample    :143  [32m60538777680089088 [0;39m <==        Row: 300, 0, Python, 300
2021-06-16 21:19:29.429 TRACE c.a.wiki.mapper.CategoryMapper.selectByExample    :143  [32m60538777680089088 [0;39m <==        Row: 301, 300, åŸºç¡€åº”ç”¨, 301
2021-06-16 21:19:29.430 TRACE c.a.wiki.mapper.CategoryMapper.selectByExample    :143  [32m60538777680089088 [0;39m <==        Row: 302, 300, è¿›é˜¶æ–¹å‘åº”ç”¨, 302
2021-06-16 21:19:29.430 TRACE c.a.wiki.mapper.CategoryMapper.selectByExample    :143  [32m60538777680089088 [0;39m <==        Row: 400, 0, æ•°æ®åº“, 400
2021-06-16 21:19:29.430 TRACE c.a.wiki.mapper.CategoryMapper.selectByExample    :143  [32m60538777680089088 [0;39m <==        Row: 401, 400, MySQL, 401
2021-06-16 21:19:29.431 TRACE c.a.wiki.mapper.CategoryMapper.selectByExample    :143  [32m60538777680089088 [0;39m <==        Row: 500, 0, å…¶å®ƒ, 500
2021-06-16 21:19:29.431 TRACE c.a.wiki.mapper.CategoryMapper.selectByExample    :143  [32m60538777680089088 [0;39m <==        Row: 501, 500, æœåŠ¡å™¨, 501
2021-06-16 21:19:29.431 TRACE c.a.wiki.mapper.CategoryMapper.selectByExample    :143  [32m60538777680089088 [0;39m <==        Row: 502, 500, å¼€å‘å·¥å…·, 502
2021-06-16 21:19:29.432 DEBUG c.a.wiki.mapper.CategoryMapper.selectByExample    :137  [32m60538777680089088 [0;39m <==      Total: 14
2021-06-16 21:19:29.452 INFO  com.andrew.wiki.aspect.LogAspect                  :89   [32m60538777680089088 [0;39m è¿”å›žç»“æžœ: {"content":[{"id":100,"name":"å‰ç«¯å¼€å‘","parent":0,"sort":100},{"id":101,"name":"Vue","parent":100,"sort":101},{"id":102,"name":"HTML & CSS","parent":100,"sort":102},{"id":200,"name":"Java","parent":0,"sort":200},{"id":201,"name":"åŸºç¡€åº”ç”¨","parent":200,"sort":201},{"id":202,"name":"æ¡†æž¶åº”ç”¨","parent":200,"sort":202},{"id":300,"name":"Python","parent":0,"sort":300},{"id":301,"name":"åŸºç¡€åº”ç”¨","parent":300,"sort":301},{"id":302,"name":"è¿›é˜¶æ–¹å‘åº”ç”¨","parent":300,"sort":302},{"id":400,"name":"æ•°æ®åº“","parent":0,"sort":400},{"id":401,"name":"MySQL","parent":400,"sort":401},{"id":500,"name":"å…¶å®ƒ","parent":0,"sort":500},{"id":501,"name":"æœåŠ¡å™¨","parent":500,"sort":501},{"id":502,"name":"å¼€å‘å·¥å…·","parent":500,"sort":502}],"success":true}
2021-06-16 21:19:29.453 INFO  com.andrew.wiki.aspect.LogAspect                  :90   [32m60538777680089088 [0;39m ------------- ç»“æŸ è€—æ—¶ï¼š99 ms -------------
2021-06-16 21:19:35.002 INFO  com.andrew.wiki.job.DocJob                        :31   [32m                  [0;39m update t_Ebook data start
2021-06-16 21:19:35.004 DEBUG c.andrew.wiki.mapper.DocCustMapper.updateEbookInfo:137  [32m                  [0;39m ==>  Preparing: update t_ebook t1, (select ebook_id, count(1) doc_count, sum(view_count) view_count, sum(vote_count) vote_count from t_doc group by ebook_id) t2 set t1.doc_count = t2.doc_count, t1.view_count = t2.view_count, t1.vote_count = t2.vote_count where t1.id = t2.ebook_id;
2021-06-16 21:19:35.004 DEBUG c.andrew.wiki.mapper.DocCustMapper.updateEbookInfo:137  [32m                  [0;39m ==> Parameters: 
2021-06-16 21:19:35.006 DEBUG c.andrew.wiki.mapper.DocCustMapper.updateEbookInfo:137  [32m                  [0;39m <==    Updates: 1
2021-06-16 21:19:35.006 INFO  com.andrew.wiki.job.DocJob                        :34   [32m                  [0;39m update t_Ebook dataï¼Œtime consumingï¼š3ms
2021-06-16 21:19:57.183 INFO  com.zaxxer.hikari.HikariDataSource                :350  [32m                  [0;39m HikariPool-4 - Shutdown initiated...
2021-06-16 21:19:57.190 INFO  com.zaxxer.hikari.HikariDataSource                :352  [32m                  [0;39m HikariPool-4 - Shutdown completed.
2021-06-16 21:19:57.266 INFO  com.andrew.wiki.WikiApplication                   :55   [32m                  [0;39m Starting WikiApplication using Java 12.0.2 on Garlics-MBP with PID 26766 (/Users/fengliu/Downloads/wiki/target/classes started by fengliu in /Users/fengliu/Downloads/wiki)
2021-06-16 21:19:57.266 INFO  com.andrew.wiki.WikiApplication                   :659  [32m                  [0;39m No active profile set, falling back to default profiles: default
2021-06-16 21:19:57.365 INFO  o.s.d.r.config.RepositoryConfigurationDelegate    :262  [32m                  [0;39m Multiple Spring Data modules found, entering strict repository configuration mode!
2021-06-16 21:19:57.365 INFO  o.s.d.r.config.RepositoryConfigurationDelegate    :132  [32m                  [0;39m Bootstrapping Spring Data Redis repositories in DEFAULT mode.
2021-06-16 21:19:57.370 INFO  o.s.d.r.config.RepositoryConfigurationDelegate    :201  [32m                  [0;39m Finished Spring Data repository scanning in 4 ms. Found 0 Redis repository interfaces.
2021-06-16 21:19:57.451 INFO  o.s.boot.web.embedded.tomcat.TomcatWebServer      :108  [32m                  [0;39m Tomcat initialized with port(s): 8080 (http)
2021-06-16 21:19:57.452 INFO  org.apache.catalina.core.StandardService          :173  [32m                  [0;39m Starting service [Tomcat]
2021-06-16 21:19:57.452 INFO  org.apache.catalina.core.StandardEngine           :173  [32m                  [0;39m Starting Servlet engine: [Apache Tomcat/9.0.46]
2021-06-16 21:19:57.459 INFO  o.a.c.core.ContainerBase.[Tomcat].[localhost].[/] :173  [32m                  [0;39m Initializing Spring embedded WebApplicationContext
2021-06-16 21:19:57.459 INFO  o.s.b.w.s.c.ServletWebServerApplicationContext    :290  [32m                  [0;39m Root WebApplicationContext: initialization completed in 191 ms
2021-06-16 21:19:57.840 INFO  com.zaxxer.hikari.HikariDataSource                :110  [32m                  [0;39m HikariPool-5 - Starting...
2021-06-16 21:19:57.850 INFO  com.zaxxer.hikari.HikariDataSource                :123  [32m                  [0;39m HikariPool-5 - Start completed.
2021-06-16 21:19:57.899 INFO  o.s.b.d.autoconfigure.OptionalLiveReloadServer    :58   [32m                  [0;39m LiveReload server is running on port 35729
2021-06-16 21:19:57.908 INFO  o.s.boot.web.embedded.tomcat.TomcatWebServer      :220  [32m                  [0;39m Tomcat started on port(s): 8080 (http) with context path ''
2021-06-16 21:19:57.912 INFO  com.andrew.wiki.WikiApplication                   :61   [32m                  [0;39m Started WikiApplication in 0.68 seconds (JVM running for 127.02)
2021-06-16 21:19:57.913 INFO  o.s.b.d.a.ConditionEvaluationDeltaLoggingListener :63   [32m                  [0;39m Condition evaluation unchanged
2021-06-16 21:19:57.913 INFO  com.andrew.wiki.WikiApplication                   :21   [32m                  [0;39m Run Application Successfully
2021-06-16 21:19:57.913 INFO  com.andrew.wiki.WikiApplication                   :22   [32m                  [0;39m url: 	 http://localhost:8080
2021-06-16 21:20:05.002 INFO  com.andrew.wiki.job.DocJob                        :31   [32m                  [0;39m update t_Ebook data start
2021-06-16 21:20:05.005 DEBUG c.andrew.wiki.mapper.DocCustMapper.updateEbookInfo:137  [32m                  [0;39m ==>  Preparing: update t_ebook t1, (select ebook_id, count(1) doc_count, sum(view_count) view_count, sum(vote_count) vote_count from t_doc group by ebook_id) t2 set t1.doc_count = t2.doc_count, t1.view_count = t2.view_count, t1.vote_count = t2.vote_count where t1.id = t2.ebook_id;
2021-06-16 21:20:05.006 DEBUG c.andrew.wiki.mapper.DocCustMapper.updateEbookInfo:137  [32m                  [0;39m ==> Parameters: 
2021-06-16 21:20:05.007 DEBUG c.andrew.wiki.mapper.DocCustMapper.updateEbookInfo:137  [32m                  [0;39m <==    Updates: 1
2021-06-16 21:20:05.007 INFO  com.andrew.wiki.job.DocJob                        :34   [32m                  [0;39m update t_Ebook dataï¼Œtime consumingï¼š4ms
2021-06-16 21:20:08.071 INFO  o.a.c.core.ContainerBase.[Tomcat].[localhost].[/] :173  [32m                  [0;39m Initializing Spring DispatcherServlet 'dispatcherServlet'
2021-06-16 21:20:08.071 INFO  org.springframework.web.servlet.DispatcherServlet :525  [32m                  [0;39m Initializing Servlet 'dispatcherServlet'
2021-06-16 21:20:08.072 INFO  org.springframework.web.servlet.DispatcherServlet :547  [32m                  [0;39m Completed initialization in 1 ms
2021-06-16 21:20:08.165 INFO  com.andrew.wiki.aspect.LogAspect                  :53   [32m60538940461027328 [0;39m ------------- å¼€å§‹ -------------
2021-06-16 21:20:08.166 INFO  com.andrew.wiki.aspect.LogAspect                  :54   [32m60538940461027328 [0;39m è¯·æ±‚åœ°å€: http://192.168.1.191:8080/ebook/list GET
2021-06-16 21:20:08.166 INFO  com.andrew.wiki.aspect.LogAspect                  :55   [32m60538940461027328 [0;39m ç±»åæ–¹æ³•: com.andrew.wiki.controller.EBookController.getList
2021-06-16 21:20:08.166 INFO  com.andrew.wiki.aspect.LogAspect                  :56   [32m60538940461027328 [0;39m è¿œç¨‹åœ°å€: 192.168.1.191
2021-06-16 21:20:08.168 INFO  com.andrew.wiki.aspect.LogAspect                  :77   [32m60538940461027328 [0;39m è¯·æ±‚å‚æ•°: [{"category2Id":202,"page":1,"size":500}]
2021-06-16 21:20:08.203 DEBUG c.a.wiki.mapper.EBookMapper.selectByExample_COUNT :137  [32m60538940461027328 [0;39m ==>  Preparing: SELECT count(0) FROM t_ebook WHERE (category2_id = ?)
2021-06-16 21:20:08.203 DEBUG c.a.wiki.mapper.EBookMapper.selectByExample_COUNT :137  [32m60538940461027328 [0;39m ==> Parameters: 202(Long)
2021-06-16 21:20:08.204 TRACE c.a.wiki.mapper.EBookMapper.selectByExample_COUNT :143  [32m60538940461027328 [0;39m <==    Columns: count(0)
2021-06-16 21:20:08.205 TRACE c.a.wiki.mapper.EBookMapper.selectByExample_COUNT :143  [32m60538940461027328 [0;39m <==        Row: 1
2021-06-16 21:20:08.205 DEBUG c.a.wiki.mapper.EBookMapper.selectByExample_COUNT :137  [32m60538940461027328 [0;39m <==      Total: 1
2021-06-16 21:20:08.207 DEBUG com.andrew.wiki.mapper.EBookMapper.selectByExample:137  [32m60538940461027328 [0;39m ==>  Preparing: select id, `name`, category1_id, category2_id, description, cover, doc_count, view_count, vote_count from t_ebook WHERE ( category2_id = ? ) LIMIT ?
2021-06-16 21:20:08.207 DEBUG com.andrew.wiki.mapper.EBookMapper.selectByExample:137  [32m60538940461027328 [0;39m ==> Parameters: 202(Long), 500(Integer)
2021-06-16 21:20:08.208 TRACE com.andrew.wiki.mapper.EBookMapper.selectByExample:143  [32m60538940461027328 [0;39m <==    Columns: id, name, category1_id, category2_id, description, cover, doc_count, view_count, vote_count
2021-06-16 21:20:08.208 TRACE com.andrew.wiki.mapper.EBookMapper.selectByExample:143  [32m60538940461027328 [0;39m <==        Row: 1, springå…¥é—¨æ•™ç¨‹, 200, 202, é›¶åŸºç¡€å…¥é—¨å‰ç«¯å¼€å‘ï¼Œä¼ä¸šçº§åº”ç”¨å¼€å‘æœ€ä½³æ¡†æž¶, null, 6, 102, 8
2021-06-16 21:20:08.209 DEBUG com.andrew.wiki.mapper.EBookMapper.selectByExample:137  [32m60538940461027328 [0;39m <==      Total: 1
2021-06-16 21:20:08.210 INFO  com.andrew.wiki.service.EBookService              :47   [32m60538940461027328 [0;39m æ€»è¡Œæ•°ï¼š1
2021-06-16 21:20:08.210 INFO  com.andrew.wiki.service.EBookService              :48   [32m60538940461027328 [0;39m æ€»é¡µæ•°ï¼š1
2021-06-16 21:20:08.216 INFO  com.andrew.wiki.aspect.LogAspect                  :89   [32m60538940461027328 [0;39m è¿”å›žç»“æžœ: {"content":{"list":[{"category1Id":200,"category2Id":202,"description":"é›¶åŸºç¡€å…¥é—¨å‰ç«¯å¼€å‘ï¼Œä¼ä¸šçº§åº”ç”¨å¼€å‘æœ€ä½³æ¡†æž¶","docCount":6,"id":1,"name":"springå…¥é—¨æ•™ç¨‹","viewCount":102,"voteCount":8}],"total":1},"success":true}
2021-06-16 21:20:08.216 INFO  com.andrew.wiki.aspect.LogAspect                  :90   [32m60538940461027328 [0;39m ------------- ç»“æŸ è€—æ—¶ï¼š51 ms -------------
2021-06-16 21:20:09.053 INFO  com.andrew.wiki.aspect.LogAspect                  :53   [32m60538944185569280 [0;39m ------------- å¼€å§‹ -------------
2021-06-16 21:20:09.054 INFO  com.andrew.wiki.aspect.LogAspect                  :54   [32m60538944185569280 [0;39m è¯·æ±‚åœ°å€: http://192.168.1.191:8080/doc/all/1 GET
2021-06-16 21:20:09.054 INFO  com.andrew.wiki.aspect.LogAspect                  :55   [32m60538944185569280 [0;39m ç±»åæ–¹æ³•: com.andrew.wiki.controller.DocController.getByEbookId
2021-06-16 21:20:09.054 INFO  com.andrew.wiki.aspect.LogAspect                  :56   [32m60538944185569280 [0;39m è¿œç¨‹åœ°å€: 192.168.1.191
2021-06-16 21:20:09.055 INFO  com.andrew.wiki.aspect.LogAspect                  :77   [32m60538944185569280 [0;39m è¯·æ±‚å‚æ•°: [1]
2021-06-16 21:20:09.060 DEBUG com.andrew.wiki.mapper.DocMapper.selectByExample  :137  [32m60538944185569280 [0;39m ==>  Preparing: select id, ebook_id, parent, `name`, sort, view_count, vote_count from t_doc WHERE ( ebook_id = ? ) order by sort asc
2021-06-16 21:20:09.061 DEBUG com.andrew.wiki.mapper.DocMapper.selectByExample  :137  [32m60538944185569280 [0;39m ==> Parameters: 1(Long)
2021-06-16 21:20:09.062 TRACE com.andrew.wiki.mapper.DocMapper.selectByExample  :143  [32m60538944185569280 [0;39m <==    Columns: id, ebook_id, parent, name, sort, view_count, vote_count
2021-06-16 21:20:09.062 TRACE com.andrew.wiki.mapper.DocMapper.selectByExample  :143  [32m60538944185569280 [0;39m <==        Row: 1, 1, 0, æ–‡æ¡£1, 1, 54, 3
2021-06-16 21:20:09.062 TRACE com.andrew.wiki.mapper.DocMapper.selectByExample  :143  [32m60538944185569280 [0;39m <==        Row: 2, 1, 1, æ–‡æ¡£1.1, 1, 15, 1
2021-06-16 21:20:09.063 TRACE com.andrew.wiki.mapper.DocMapper.selectByExample  :143  [32m60538944185569280 [0;39m <==        Row: 4, 1, 3, æ–‡æ¡£2.1, 1, 8, 1
2021-06-16 21:20:09.063 TRACE com.andrew.wiki.mapper.DocMapper.selectByExample  :143  [32m60538944185569280 [0;39m <==        Row: 6, 1, 5, æ–‡æ¡£2.2.1, 1, 11, 1
2021-06-16 21:20:09.063 TRACE com.andrew.wiki.mapper.DocMapper.selectByExample  :143  [32m60538944185569280 [0;39m <==        Row: 3, 1, 0, æ–‡æ¡£2, 2, 3, 1
2021-06-16 21:20:09.064 TRACE com.andrew.wiki.mapper.DocMapper.selectByExample  :143  [32m60538944185569280 [0;39m <==        Row: 5, 1, 3, æ–‡æ¡£2.2, 2, 11, 1
2021-06-16 21:20:09.064 DEBUG com.andrew.wiki.mapper.DocMapper.selectByExample  :137  [32m60538944185569280 [0;39m <==      Total: 6
2021-06-16 21:20:09.069 INFO  com.andrew.wiki.aspect.LogAspect                  :89   [32m60538944185569280 [0;39m è¿”å›žç»“æžœ: {"content":[{"ebookId":1,"id":1,"name":"æ–‡æ¡£1","parent":0,"sort":1,"viewCount":54,"voteCount":3},{"ebookId":1,"id":2,"name":"æ–‡æ¡£1.1","parent":1,"sort":1,"viewCount":15,"voteCount":1},{"ebookId":1,"id":4,"name":"æ–‡æ¡£2.1","parent":3,"sort":1,"viewCount":8,"voteCount":1},{"ebookId":1,"id":6,"name":"æ–‡æ¡£2.2.1","parent":5,"sort":1,"viewCount":11,"voteCount":1},{"ebookId":1,"id":3,"name":"æ–‡æ¡£2","parent":0,"sort":2,"viewCount":3,"voteCount":1},{"ebookId":1,"id":5,"name":"æ–‡æ¡£2.2","parent":3,"sort":2,"viewCount":11,"voteCount":1}],"success":true}
2021-06-16 21:20:09.070 INFO  com.andrew.wiki.aspect.LogAspect                  :90   [32m60538944185569280 [0;39m ------------- ç»“æŸ è€—æ—¶ï¼š17 ms -------------
2021-06-16 21:20:09.095 INFO  com.andrew.wiki.aspect.LogAspect                  :53   [32m60538944361730048 [0;39m ------------- å¼€å§‹ -------------
2021-06-16 21:20:09.095 INFO  com.andrew.wiki.aspect.LogAspect                  :54   [32m60538944361730048 [0;39m è¯·æ±‚åœ°å€: http://192.168.1.191:8080/content/1 GET
2021-06-16 21:20:09.096 INFO  com.andrew.wiki.aspect.LogAspect                  :55   [32m60538944361730048 [0;39m ç±»åæ–¹æ³•: com.andrew.wiki.controller.ContentController.getById
2021-06-16 21:20:09.096 INFO  com.andrew.wiki.aspect.LogAspect                  :56   [32m60538944361730048 [0;39m è¿œç¨‹åœ°å€: 192.168.1.191
2021-06-16 21:20:09.096 INFO  com.andrew.wiki.aspect.LogAspect                  :77   [32m60538944361730048 [0;39m è¯·æ±‚å‚æ•°: [1]
2021-06-16 21:20:09.098 DEBUG c.a.wiki.mapper.ContentMapper.selectByPrimaryKey  :137  [32m60538944361730048 [0;39m ==>  Preparing: select id , content from t_content where id = ?
2021-06-16 21:20:09.099 DEBUG c.a.wiki.mapper.ContentMapper.selectByPrimaryKey  :137  [32m60538944361730048 [0;39m ==> Parameters: 1(Long)
2021-06-16 21:20:09.101 TRACE c.a.wiki.mapper.ContentMapper.selectByPrimaryKey  :143  [32m60538944361730048 [0;39m <==    Columns: id, content
2021-06-16 21:20:09.101 TRACE c.a.wiki.mapper.ContentMapper.selectByPrimaryKey  :143  [32m60538944361730048 [0;39m <==        Row: 1, <<BLOB>>
2021-06-16 21:20:09.101 DEBUG c.a.wiki.mapper.ContentMapper.selectByPrimaryKey  :137  [32m60538944361730048 [0;39m <==      Total: 1
2021-06-16 21:20:09.102 DEBUG c.a.wiki.mapper.DocCustMapper.increaseViewCount   :137  [32m60538944361730048 [0;39m ==>  Preparing: update t_doc set view_count = view_count + 1 where id = ?
2021-06-16 21:20:09.103 DEBUG c.a.wiki.mapper.DocCustMapper.increaseViewCount   :137  [32m60538944361730048 [0;39m ==> Parameters: 1(Long)
2021-06-16 21:20:09.104 DEBUG c.a.wiki.mapper.DocCustMapper.increaseViewCount   :137  [32m60538944361730048 [0;39m <==    Updates: 1
2021-06-16 21:20:09.108 INFO  com.andrew.wiki.aspect.LogAspect                  :89   [32m60538944361730048 [0;39m è¿”å›žç»“æžœ: {"content":{"content":"<p>test content !!!!!</p>","id":1},"success":true}
2021-06-16 21:20:09.108 INFO  com.andrew.wiki.aspect.LogAspect                  :90   [32m60538944361730048 [0;39m ------------- ç»“æŸ è€—æ—¶ï¼š13 ms -------------
2021-06-16 21:20:35.003 INFO  com.andrew.wiki.job.DocJob                        :31   [32m                  [0;39m update t_Ebook data start
2021-06-16 21:20:35.004 DEBUG c.andrew.wiki.mapper.DocCustMapper.updateEbookInfo:137  [32m                  [0;39m ==>  Preparing: update t_ebook t1, (select ebook_id, count(1) doc_count, sum(view_count) view_count, sum(vote_count) vote_count from t_doc group by ebook_id) t2 set t1.doc_count = t2.doc_count, t1.view_count = t2.view_count, t1.vote_count = t2.vote_count where t1.id = t2.ebook_id;
2021-06-16 21:20:35.004 DEBUG c.andrew.wiki.mapper.DocCustMapper.updateEbookInfo:137  [32m                  [0;39m ==> Parameters: 
2021-06-16 21:20:35.006 DEBUG c.andrew.wiki.mapper.DocCustMapper.updateEbookInfo:137  [32m                  [0;39m <==    Updates: 1
2021-06-16 21:20:35.006 INFO  com.andrew.wiki.job.DocJob                        :34   [32m                  [0;39m update t_Ebook dataï¼Œtime consumingï¼š3ms
